<?xml version="1.0" encoding="UTF-8"?>
<!-- Generated by org.testng.reporters.JUnitReportReporter -->
<testsuite hostname="LAPTOP-FKH0BDR9" failures="0" tests="1" name="testSuites.TS_TestSuit_01" time="29.425" errors="0" timestamp="2022-12-22T19:20:58 IST" skipped="0">
  <testcase classname="testSuites.TS_TestSuit_01" name="TC_001" time="29.425"/>
  <system-out/>
</testsuite> <!-- testSuites.TS_TestSuit_01 -->
